app/build/intermediates/manifest_merge_blame_file/debug/manifest-merger-blame-debug-report.txt
1<?xml version="1.0" encoding="utf-8"?>
2<manifest xmlns:android="http://schemas.android.com/apk/res/android"
3    package="com.Teachers.HaziraKhataByGk"
4    android:versionCode="25"
5    android:versionName="2.1.0" >
6
7    <uses-sdk
8        android:minSdkVersion="16"
8-->src/main/AndroidManifest.xml
9        android:targetSdkVersion="29" />
9-->src/main/AndroidManifest.xml
10
11    <uses-permission android:name="android.permission.RECEIVE_BOOT_COMPLETED" />
11-->src/main/AndroidManifest.xml:5:5-81
11-->src/main/AndroidManifest.xml:5:22-78
12    <uses-permission android:name="ANDROID.PERMISSION.INTERNET" />
12-->src/main/AndroidManifest.xml:6:5-67
12-->src/main/AndroidManifest.xml:6:22-64
13    <uses-permission android:name="ANDROID.PERMISSION.ACCESS_NETWORK_STATE" />
13-->src/main/AndroidManifest.xml:7:5-79
13-->src/main/AndroidManifest.xml:7:22-76
14    <uses-permission android:name="android.permission.SYSTEM_ALERT_WINDOW" />
14-->src/main/AndroidManifest.xml:8:5-78
14-->src/main/AndroidManifest.xml:8:22-75
15    <uses-permission android:name="android.permission.WRITE_EXTERNAL_STORAGE" />
15-->src/main/AndroidManifest.xml:9:5-81
15-->src/main/AndroidManifest.xml:9:22-78
16    <uses-permission android:name="android.permission.READ_EXTERNAL_STORAGE" />
16-->src/main/AndroidManifest.xml:10:5-80
16-->src/main/AndroidManifest.xml:10:22-77
17    <uses-permission android:name="android.permission.FOREGROUND_SERVICE" />
17-->src/main/AndroidManifest.xml:11:5-77
17-->src/main/AndroidManifest.xml:11:22-74
18    <uses-permission android:name="android.permission.INTERNET" />
18-->[com.amitshekhar.android:debug-db-base:1.0.6] AndroidManifest.xml:29:5-67
18-->[com.amitshekhar.android:debug-db-base:1.0.6] AndroidManifest.xml:29:22-64
19    <uses-permission android:name="android.permission.ACCESS_WIFI_STATE" />
19-->[com.amitshekhar.android:debug-db-base:1.0.6] AndroidManifest.xml:30:5-76
19-->[com.amitshekhar.android:debug-db-base:1.0.6] AndroidManifest.xml:30:22-73
20    <uses-permission android:name="android.permission.VIBRATE" /> <!-- Create a unique permission for your app and use it so only your app can receive your OneSignal messages. -->
20-->[com.wdullaer:materialdatetimepicker:1.5.1] AndroidManifest.xml:26:5-66
20-->[com.wdullaer:materialdatetimepicker:1.5.1] AndroidManifest.xml:26:22-63
21    <permission
21-->[com.onesignal:OneSignal:3.15.7] AndroidManifest.xml:7:5-9:47
22        android:name="com.Teachers.HaziraKhataByGk.permission.C2D_MESSAGE"
22-->[com.onesignal:OneSignal:3.15.7] AndroidManifest.xml:8:9-63
23        android:protectionLevel="signature" />
23-->[com.onesignal:OneSignal:3.15.7] AndroidManifest.xml:9:9-44
24
25    <uses-permission android:name="com.Teachers.HaziraKhataByGk.permission.C2D_MESSAGE" />
25-->[com.onesignal:OneSignal:3.15.7] AndroidManifest.xml:11:5-79
25-->[com.onesignal:OneSignal:3.15.7] AndroidManifest.xml:11:22-76
26    <uses-permission android:name="com.google.android.c2dm.permission.RECEIVE" /> <!-- Required, makes sure notifications are delivered on time. -->
26-->[com.onesignal:OneSignal:3.15.7] AndroidManifest.xml:17:5-82
26-->[com.onesignal:OneSignal:3.15.7] AndroidManifest.xml:17:22-79
27    <uses-permission android:name="android.permission.WAKE_LOCK" />
27-->[com.onesignal:OneSignal:3.15.7] AndroidManifest.xml:18:5-68
27-->[com.onesignal:OneSignal:3.15.7] AndroidManifest.xml:18:22-65
28    <uses-permission android:name="android.permission.ACCESS_NETWORK_STATE" /> <!-- START: ShortcutBadger -->
28-->[com.onesignal:OneSignal:3.15.7] AndroidManifest.xml:24:5-79
28-->[com.onesignal:OneSignal:3.15.7] AndroidManifest.xml:24:22-76
29    <!-- Samsung -->
30    <uses-permission android:name="com.sec.android.provider.badge.permission.READ" />
30-->[com.onesignal:OneSignal:3.15.7] AndroidManifest.xml:31:5-86
30-->[com.onesignal:OneSignal:3.15.7] AndroidManifest.xml:31:22-83
31    <uses-permission android:name="com.sec.android.provider.badge.permission.WRITE" /> <!-- HTC -->
31-->[com.onesignal:OneSignal:3.15.7] AndroidManifest.xml:32:5-87
31-->[com.onesignal:OneSignal:3.15.7] AndroidManifest.xml:32:22-84
32    <uses-permission android:name="com.htc.launcher.permission.READ_SETTINGS" />
32-->[com.onesignal:OneSignal:3.15.7] AndroidManifest.xml:33:5-81
32-->[com.onesignal:OneSignal:3.15.7] AndroidManifest.xml:33:22-78
33    <uses-permission android:name="com.htc.launcher.permission.UPDATE_SHORTCUT" /> <!-- Sony -->
33-->[com.onesignal:OneSignal:3.15.7] AndroidManifest.xml:34:5-83
33-->[com.onesignal:OneSignal:3.15.7] AndroidManifest.xml:34:22-80
34    <uses-permission android:name="com.sonyericsson.home.permission.BROADCAST_BADGE" />
34-->[com.onesignal:OneSignal:3.15.7] AndroidManifest.xml:35:5-88
34-->[com.onesignal:OneSignal:3.15.7] AndroidManifest.xml:35:22-85
35    <uses-permission android:name="com.sonymobile.home.permission.PROVIDER_INSERT_BADGE" /> <!-- Apex -->
35-->[com.onesignal:OneSignal:3.15.7] AndroidManifest.xml:36:5-92
35-->[com.onesignal:OneSignal:3.15.7] AndroidManifest.xml:36:22-89
36    <uses-permission android:name="com.anddoes.launcher.permission.UPDATE_COUNT" /> <!-- Solid -->
36-->[com.onesignal:OneSignal:3.15.7] AndroidManifest.xml:37:5-84
36-->[com.onesignal:OneSignal:3.15.7] AndroidManifest.xml:37:22-81
37    <uses-permission android:name="com.majeur.launcher.permission.UPDATE_BADGE" /> <!-- Huawei -->
37-->[com.onesignal:OneSignal:3.15.7] AndroidManifest.xml:38:5-83
37-->[com.onesignal:OneSignal:3.15.7] AndroidManifest.xml:38:22-80
38    <uses-permission android:name="com.huawei.android.launcher.permission.CHANGE_BADGE" />
38-->[com.onesignal:OneSignal:3.15.7] AndroidManifest.xml:39:5-91
38-->[com.onesignal:OneSignal:3.15.7] AndroidManifest.xml:39:22-88
39    <uses-permission android:name="com.huawei.android.launcher.permission.READ_SETTINGS" />
39-->[com.onesignal:OneSignal:3.15.7] AndroidManifest.xml:40:5-92
39-->[com.onesignal:OneSignal:3.15.7] AndroidManifest.xml:40:22-89
40    <uses-permission android:name="com.huawei.android.launcher.permission.WRITE_SETTINGS" /> <!-- ZUK -->
40-->[com.onesignal:OneSignal:3.15.7] AndroidManifest.xml:41:5-93
40-->[com.onesignal:OneSignal:3.15.7] AndroidManifest.xml:41:22-90
41    <uses-permission android:name="android.permission.READ_APP_BADGE" /> <!-- OPPO -->
41-->[com.onesignal:OneSignal:3.15.7] AndroidManifest.xml:42:5-73
41-->[com.onesignal:OneSignal:3.15.7] AndroidManifest.xml:42:22-70
42    <uses-permission android:name="com.oppo.launcher.permission.READ_SETTINGS" />
42-->[com.onesignal:OneSignal:3.15.7] AndroidManifest.xml:43:5-82
42-->[com.onesignal:OneSignal:3.15.7] AndroidManifest.xml:43:22-79
43    <uses-permission android:name="com.oppo.launcher.permission.WRITE_SETTINGS" /> <!-- EvMe -->
43-->[com.onesignal:OneSignal:3.15.7] AndroidManifest.xml:44:5-83
43-->[com.onesignal:OneSignal:3.15.7] AndroidManifest.xml:44:22-80
44    <uses-permission android:name="me.everything.badger.permission.BADGE_COUNT_READ" />
44-->[com.onesignal:OneSignal:3.15.7] AndroidManifest.xml:45:5-88
44-->[com.onesignal:OneSignal:3.15.7] AndroidManifest.xml:45:22-85
45    <uses-permission android:name="me.everything.badger.permission.BADGE_COUNT_WRITE" />
45-->[com.onesignal:OneSignal:3.15.7] AndroidManifest.xml:46:5-89
45-->[com.onesignal:OneSignal:3.15.7] AndroidManifest.xml:46:22-86
46    <uses-permission android:name="com.google.android.finsky.permission.BIND_GET_INSTALL_REFERRER_SERVICE" />
46-->[com.google.android.gms:play-services-measurement:19.0.0] AndroidManifest.xml:26:5-110
46-->[com.google.android.gms:play-services-measurement:19.0.0] AndroidManifest.xml:26:22-107
47
48    <application
48-->src/main/AndroidManifest.xml:13:5-146:19
49        android:name="com.emon.haziraKhata.HelperClasses.GlobalContext"
49-->src/main/AndroidManifest.xml:14:9-72
50        android:appComponentFactory="androidx.core.app.CoreComponentFactory"
50-->[androidx.core:core:1.5.0] AndroidManifest.xml:24:18-86
51        android:debuggable="true"
52        android:hardwareAccelerated="true"
52-->src/main/AndroidManifest.xml:15:9-43
53        android:icon="@mipmap/main_icon_hd_half"
53-->src/main/AndroidManifest.xml:16:9-49
54        android:label="@string/app_name"
54-->src/main/AndroidManifest.xml:17:9-41
55        android:largeHeap="true"
55-->src/main/AndroidManifest.xml:18:9-33
56        android:supportsRtl="true"
56-->src/main/AndroidManifest.xml:19:9-35
57        android:testOnly="true"
58        android:theme="@style/AppTheme"
58-->src/main/AndroidManifest.xml:20:9-40
59        android:windowSoftInputMode="stateHidden|adjustPan" >
59-->src/main/AndroidManifest.xml:21:9-60
60        <activity
60-->src/main/AndroidManifest.xml:22:9-24:72
61            android:name="com.emon.haziraKhata.Home.SettingsActivity"
61-->src/main/AndroidManifest.xml:23:13-70
62            android:label="@string/title_activity_settings" />
62-->src/main/AndroidManifest.xml:24:13-60
63
64        <service
64-->src/main/AndroidManifest.xml:26:9-29:39
65            android:name="com.emon.haziraKhata.service.GenericEventShowingService"
65-->src/main/AndroidManifest.xml:27:13-83
66            android:enabled="true"
66-->src/main/AndroidManifest.xml:28:13-35
67            android:exported="true" />
67-->src/main/AndroidManifest.xml:29:13-36
68
69        <receiver
69-->src/main/AndroidManifest.xml:31:9-38:20
70            android:name="com.emon.haziraKhata.service.TimeChangeReceiver"
70-->src/main/AndroidManifest.xml:32:13-75
71            android:enabled="true"
71-->src/main/AndroidManifest.xml:33:13-35
72            android:exported="true" >
72-->src/main/AndroidManifest.xml:34:13-36
73            <intent-filter>
73-->src/main/AndroidManifest.xml:35:13-37:29
74                <action android:name="android.intent.action.ACTION_TIME_TICK" />
74-->src/main/AndroidManifest.xml:36:17-81
74-->src/main/AndroidManifest.xml:36:25-78
75            </intent-filter>
76        </receiver>
77        <receiver
77-->src/main/AndroidManifest.xml:39:9-46:20
78            android:name="com.emon.haziraKhata.service.AutoStartReceiver"
78-->src/main/AndroidManifest.xml:40:13-74
79            android:enabled="true"
79-->src/main/AndroidManifest.xml:41:13-35
80            android:exported="true" >
80-->src/main/AndroidManifest.xml:42:13-36
81            <intent-filter android:priority="500" >
81-->src/main/AndroidManifest.xml:43:13-45:29
81-->src/main/AndroidManifest.xml:43:28-50
82                <action android:name="android.intent.action.BOOT_COMPLETED" />
82-->src/main/AndroidManifest.xml:44:17-79
82-->src/main/AndroidManifest.xml:44:25-76
83            </intent-filter>
84        </receiver>
85
86        <activity
86-->src/main/AndroidManifest.xml:48:9-50:59
87            android:name="com.theartofdev.edmodo.cropper.CropImageActivity"
87-->src/main/AndroidManifest.xml:49:13-76
88            android:theme="@style/Base.Theme.AppCompat" />
88-->src/main/AndroidManifest.xml:50:13-56
89        <activity
89-->src/main/AndroidManifest.xml:51:9-54:48
90            android:name="com.facebook.FacebookActivity"
90-->src/main/AndroidManifest.xml:52:13-57
91            android:configChanges="keyboard|keyboardHidden|screenLayout|screenSize|orientation"
91-->src/main/AndroidManifest.xml:53:13-96
92            android:label="@string/app_name"
92-->src/main/AndroidManifest.xml:54:13-45
93            android:theme="@style/com_facebook_activity_theme" />
93-->[com.facebook.android:facebook-common:4.29.0] AndroidManifest.xml:32:13-63
94        <activity
94-->src/main/AndroidManifest.xml:55:9-66:20
95            android:name="com.facebook.CustomTabActivity"
95-->src/main/AndroidManifest.xml:56:13-58
96            android:exported="true" >
96-->src/main/AndroidManifest.xml:57:13-36
97            <intent-filter>
97-->src/main/AndroidManifest.xml:58:13-65:29
98                <action android:name="android.intent.action.VIEW" />
98-->src/main/AndroidManifest.xml:59:17-69
98-->src/main/AndroidManifest.xml:59:25-66
99
100                <category android:name="android.intent.category.DEFAULT" />
100-->src/main/AndroidManifest.xml:61:17-76
100-->src/main/AndroidManifest.xml:61:27-73
101                <category android:name="android.intent.category.BROWSABLE" />
101-->src/main/AndroidManifest.xml:62:17-78
101-->src/main/AndroidManifest.xml:62:27-75
102
103                <data android:scheme="@string/fb_login_protocol_scheme" />
103-->src/main/AndroidManifest.xml:64:17-75
103-->src/main/AndroidManifest.xml:64:23-72
104            </intent-filter>
105        </activity> <!-- for FB LOGIN -->
106        <activity
106-->src/main/AndroidManifest.xml:67:9-69:61
107            android:name="com.emon.haziraKhata.Login.LoginActivity"
107-->src/main/AndroidManifest.xml:68:13-68
108            android:theme="@style/AppThemeForNoActionBar" />
108-->src/main/AndroidManifest.xml:69:13-58
109        <activity
109-->src/main/AndroidManifest.xml:70:9-78:20
110            android:name="com.emon.haziraKhata.WelcomeActivity"
110-->src/main/AndroidManifest.xml:71:13-64
111            android:theme="@style/AppThemeForNoActionBar" >
111-->src/main/AndroidManifest.xml:72:13-58
112            <intent-filter>
112-->src/main/AndroidManifest.xml:73:13-77:29
113                <action android:name="android.intent.action.MAIN" />
113-->src/main/AndroidManifest.xml:74:17-69
113-->src/main/AndroidManifest.xml:74:25-66
114
115                <category android:name="android.intent.category.LAUNCHER" />
115-->src/main/AndroidManifest.xml:76:17-77
115-->src/main/AndroidManifest.xml:76:27-74
116            </intent-filter>
117        </activity>
118        <activity
118-->src/main/AndroidManifest.xml:79:9-82:61
119            android:name="com.emon.haziraKhata.MainActivity"
119-->src/main/AndroidManifest.xml:80:13-61
120            android:launchMode="singleTask"
120-->src/main/AndroidManifest.xml:81:13-44
121            android:theme="@style/AppThemeForNoActionBar" />
121-->src/main/AndroidManifest.xml:82:13-58
122        <activity
122-->src/main/AndroidManifest.xml:83:9-85:61
123            android:name="com.emon.haziraKhata.AddEditClass.ClassAddActivity"
123-->src/main/AndroidManifest.xml:84:13-78
124            android:theme="@style/AppThemeForNoActionBar" />
124-->src/main/AndroidManifest.xml:85:13-58
125        <activity
125-->src/main/AndroidManifest.xml:86:9-88:61
126            android:name="com.emon.haziraKhata.ClassRoom.ClassRoomActivity"
126-->src/main/AndroidManifest.xml:87:13-76
127            android:theme="@style/AppThemeForNoActionBar" />
127-->src/main/AndroidManifest.xml:88:13-58
128        <activity android:name="com.emon.haziraKhata.Attendance.AttendanceActivity" />
128-->src/main/AndroidManifest.xml:89:9-87
128-->src/main/AndroidManifest.xml:89:19-84
129        <activity
129-->src/main/AndroidManifest.xml:90:9-92:61
130            android:name="com.emon.haziraKhata.StudentListShowActivity"
130-->src/main/AndroidManifest.xml:91:13-72
131            android:theme="@style/AppThemeForNoActionBar" />
131-->src/main/AndroidManifest.xml:92:13-58
132        <activity
132-->src/main/AndroidManifest.xml:93:9-95:61
133            android:name="com.emon.haziraKhata.PrinterActivity"
133-->src/main/AndroidManifest.xml:94:13-64
134            android:theme="@style/AppThemeForNoActionBar" />
134-->src/main/AndroidManifest.xml:95:13-58
135        <activity
135-->src/main/AndroidManifest.xml:96:9-98:61
136            android:name="com.emon.haziraKhata.StudentAdd.StudentAddActivity"
136-->src/main/AndroidManifest.xml:97:13-78
137            android:theme="@style/AppThemeForNoActionBar" />
137-->src/main/AndroidManifest.xml:98:13-58
138        <activity android:name="com.emon.haziraKhata.SingleStudentAllInformation.StudentAlIInfoShowActivity" />
138-->src/main/AndroidManifest.xml:99:9-112
138-->src/main/AndroidManifest.xml:99:19-109
139        <activity
139-->src/main/AndroidManifest.xml:100:9-102:61
140            android:name="com.emon.haziraKhata.NoteAddActivity"
140-->src/main/AndroidManifest.xml:101:13-64
141            android:theme="@style/AppThemeForNoActionBar" />
141-->src/main/AndroidManifest.xml:102:13-58
142        <activity
142-->src/main/AndroidManifest.xml:103:9-106:61
143            android:name="com.emon.haziraKhata.Widget.TextShowActivity"
143-->src/main/AndroidManifest.xml:104:13-72
144            android:label=""
144-->src/main/AndroidManifest.xml:105:13-29
145            android:theme="@style/style_for_text_content" />
145-->src/main/AndroidManifest.xml:106:13-58
146        <activity
146-->src/main/AndroidManifest.xml:107:9-109:59
147            android:name="com.emon.haziraKhata.PreviousQuestionActivity"
147-->src/main/AndroidManifest.xml:108:13-73
148            android:theme="@style/AppTheme.NoActionBar" />
148-->src/main/AndroidManifest.xml:109:13-56
149        <activity
149-->src/main/AndroidManifest.xml:110:9-112:69
150            android:name="com.emon.haziraKhata.Browsing.BrowsingActivity"
150-->src/main/AndroidManifest.xml:111:13-74
151            android:theme="@style/AppTheme.NoActionBarForBrowser" />
151-->src/main/AndroidManifest.xml:112:13-66
152        <activity android:name="com.emon.haziraKhata.BlogActivity" />
152-->src/main/AndroidManifest.xml:113:9-70
152-->src/main/AndroidManifest.xml:113:19-67
153        <activity
153-->src/main/AndroidManifest.xml:114:9-116:59
154            android:name="com.emon.haziraKhata.BottomNavigationActivity"
154-->src/main/AndroidManifest.xml:115:13-73
155            android:theme="@style/AppTheme.NoActionBar" />
155-->src/main/AndroidManifest.xml:116:13-56
156        <activity
156-->src/main/AndroidManifest.xml:117:9-119:61
157            android:name="com.emon.haziraKhata.ModelTestChooseActivity"
157-->src/main/AndroidManifest.xml:118:13-72
158            android:theme="@style/AppThemeForNoActionBar" />
158-->src/main/AndroidManifest.xml:119:13-58
159        <activity
159-->src/main/AndroidManifest.xml:120:9-122:59
160            android:name="com.emon.haziraKhata.ModelTestActivity"
160-->src/main/AndroidManifest.xml:121:13-66
161            android:theme="@style/AppTheme.NoActionBar" />
161-->src/main/AndroidManifest.xml:122:13-56
162        <activity
162-->src/main/AndroidManifest.xml:123:9-125:61
163            android:name="com.emon.haziraKhata.ModelTestResultShowActivity"
163-->src/main/AndroidManifest.xml:124:13-76
164            android:theme="@style/AppThemeForNoActionBar" />
164-->src/main/AndroidManifest.xml:125:13-58
165        <activity
165-->src/main/AndroidManifest.xml:126:9-128:59
166            android:name="com.emon.haziraKhata.AboutActivity"
166-->src/main/AndroidManifest.xml:127:13-62
167            android:theme="@style/AppTheme.NoActionBar" />
167-->src/main/AndroidManifest.xml:128:13-56
168        <activity
168-->src/main/AndroidManifest.xml:129:9-131:59
169            android:name="com.emon.haziraKhata.SignupActivity"
169-->src/main/AndroidManifest.xml:130:13-63
170            android:theme="@style/AppTheme.NoActionBar" />
170-->src/main/AndroidManifest.xml:131:13-56
171        <activity
171-->src/main/AndroidManifest.xml:132:9-134:59
172            android:name="com.emon.haziraKhata.ResetPasswordActivity"
172-->src/main/AndroidManifest.xml:133:13-70
173            android:theme="@style/AppTheme.NoActionBar" />
173-->src/main/AndroidManifest.xml:134:13-56
174        <activity
174-->src/main/AndroidManifest.xml:135:9-137:59
175            android:name="com.emon.haziraKhata.MonthWiseClassDataActivity"
175-->src/main/AndroidManifest.xml:136:13-75
176            android:theme="@style/AppTheme.NoActionBar" />
176-->src/main/AndroidManifest.xml:137:13-56
177        <activity android:name="com.emon.haziraKhata.FeesAcitvity" />
177-->src/main/AndroidManifest.xml:138:9-70
177-->src/main/AndroidManifest.xml:138:19-67
178        <activity
178-->src/main/AndroidManifest.xml:139:9-142:59
179            android:name="com.emon.haziraKhata.MarkSheetHomeActivity"
179-->src/main/AndroidManifest.xml:140:13-70
180            android:label="@string/title_activity_mark_sheet_home"
180-->src/main/AndroidManifest.xml:141:13-67
181            android:theme="@style/AppTheme.NoActionBar" />
181-->src/main/AndroidManifest.xml:142:13-56
182        <activity
182-->src/main/AndroidManifest.xml:143:9-145:59
183            android:name="com.emon.haziraKhata.MarksheetEditActivity"
183-->src/main/AndroidManifest.xml:144:13-70
184            android:theme="@style/AppTheme.NoActionBar" />
184-->src/main/AndroidManifest.xml:145:13-56
185
186        <provider
186-->[com.amitshekhar.android:debug-db:1.0.6] AndroidManifest.xml:12:9-16:40
187            android:name="com.amitshekhar.debug.DebugDBInitProvider"
187-->[com.amitshekhar.android:debug-db:1.0.6] AndroidManifest.xml:13:13-69
188            android:authorities="com.Teachers.HaziraKhataByGk.DebugDBInitProvider"
188-->[com.amitshekhar.android:debug-db:1.0.6] AndroidManifest.xml:14:13-71
189            android:enabled="true"
189-->[com.amitshekhar.android:debug-db:1.0.6] AndroidManifest.xml:15:13-35
190            android:exported="false" />
190-->[com.amitshekhar.android:debug-db:1.0.6] AndroidManifest.xml:16:13-37
191
192        <activity android:name="com.facebook.CustomTabMainActivity" />
192-->[com.facebook.android:facebook-common:4.29.0] AndroidManifest.xml:33:9-71
192-->[com.facebook.android:facebook-common:4.29.0] AndroidManifest.xml:33:19-68
193
194        <provider
194-->[com.squareup.picasso:picasso:2.71828] AndroidManifest.xml:8:9-11:40
195            android:name="com.squareup.picasso.PicassoProvider"
195-->[com.squareup.picasso:picasso:2.71828] AndroidManifest.xml:9:13-64
196            android:authorities="com.Teachers.HaziraKhataByGk.com.squareup.picasso"
196-->[com.squareup.picasso:picasso:2.71828] AndroidManifest.xml:10:13-72
197            android:exported="false" />
197-->[com.squareup.picasso:picasso:2.71828] AndroidManifest.xml:11:13-37
198
199        <meta-data
199-->[com.onesignal:OneSignal:3.15.7] AndroidManifest.xml:49:9-51:51
200            android:name="onesignal_app_id"
200-->[com.onesignal:OneSignal:3.15.7] AndroidManifest.xml:50:13-44
201            android:value="611c83ef-2af7-48c6-921c-f22f31e7ccd9" /> <!-- Deprecated - Pulled from OneSignal dashboard. -->
201-->[com.onesignal:OneSignal:3.15.7] AndroidManifest.xml:51:13-48
202        <meta-data
202-->[com.onesignal:OneSignal:3.15.7] AndroidManifest.xml:53:9-55:70
203            android:name="onesignal_google_project_number"
203-->[com.onesignal:OneSignal:3.15.7] AndroidManifest.xml:54:13-59
204            android:value="str:REMOTE" />
204-->[com.onesignal:OneSignal:3.15.7] AndroidManifest.xml:55:13-67
205
206        <receiver
206-->[com.onesignal:OneSignal:3.15.7] AndroidManifest.xml:57:9-67:20
207            android:name="com.onesignal.GcmBroadcastReceiver"
207-->[com.onesignal:OneSignal:3.15.7] AndroidManifest.xml:58:13-62
208            android:permission="com.google.android.c2dm.permission.SEND" >
208-->[com.onesignal:OneSignal:3.15.7] AndroidManifest.xml:59:13-73
209
210            <!-- High priority so OneSignal payloads can be filtered from other GCM receivers if filterOtherGCMReceivers is enabled. -->
211            <intent-filter android:priority="999" >
211-->[com.onesignal:OneSignal:3.15.7] AndroidManifest.xml:62:13-66:29
211-->[com.onesignal:OneSignal:3.15.7] AndroidManifest.xml:62:28-50
212                <action android:name="com.google.android.c2dm.intent.RECEIVE" />
212-->[com.onesignal:OneSignal:3.15.7] AndroidManifest.xml:63:17-81
212-->[com.onesignal:OneSignal:3.15.7] AndroidManifest.xml:63:25-78
213
214                <category android:name="com.Teachers.HaziraKhataByGk" />
214-->[com.onesignal:OneSignal:3.15.7] AndroidManifest.xml:65:17-61
214-->[com.onesignal:OneSignal:3.15.7] AndroidManifest.xml:65:27-58
215            </intent-filter>
216        </receiver>
217        <receiver android:name="com.onesignal.NotificationOpenedReceiver" />
217-->[com.onesignal:OneSignal:3.15.7] AndroidManifest.xml:68:9-77
217-->[com.onesignal:OneSignal:3.15.7] AndroidManifest.xml:68:19-74
218
219        <service
219-->[com.onesignal:OneSignal:3.15.7] AndroidManifest.xml:70:9-76:19
220            android:name="com.onesignal.HmsMessageServiceOneSignal"
220-->[com.onesignal:OneSignal:3.15.7] AndroidManifest.xml:71:13-68
221            android:exported="false" >
221-->[com.onesignal:OneSignal:3.15.7] AndroidManifest.xml:72:13-37
222            <intent-filter>
222-->[com.onesignal:OneSignal:3.15.7] AndroidManifest.xml:73:13-75:29
223                <action android:name="com.huawei.push.action.MESSAGING_EVENT" />
223-->[com.onesignal:OneSignal:3.15.7] AndroidManifest.xml:74:17-81
223-->[com.onesignal:OneSignal:3.15.7] AndroidManifest.xml:74:25-78
224            </intent-filter>
225        </service>
226
227        <activity
227-->[com.onesignal:OneSignal:3.15.7] AndroidManifest.xml:78:9-84:20
228            android:name="com.onesignal.NotificationOpenedActivityHMS"
228-->[com.onesignal:OneSignal:3.15.7] AndroidManifest.xml:79:13-71
229            android:theme="@android:style/Theme.Translucent.NoTitleBar" >
229-->[com.onesignal:OneSignal:3.15.7] AndroidManifest.xml:80:13-72
230            <intent-filter>
230-->[com.onesignal:OneSignal:3.15.7] AndroidManifest.xml:81:13-83:29
231                <action android:name="android.intent.action.VIEW" />
231-->src/main/AndroidManifest.xml:59:17-69
231-->src/main/AndroidManifest.xml:59:25-66
232            </intent-filter>
233        </activity>
234
235        <service android:name="com.onesignal.GcmIntentService" />
235-->[com.onesignal:OneSignal:3.15.7] AndroidManifest.xml:86:9-66
235-->[com.onesignal:OneSignal:3.15.7] AndroidManifest.xml:86:18-63
236        <service
236-->[com.onesignal:OneSignal:3.15.7] AndroidManifest.xml:87:9-89:72
237            android:name="com.onesignal.GcmIntentJobService"
237-->[com.onesignal:OneSignal:3.15.7] AndroidManifest.xml:88:13-61
238            android:permission="android.permission.BIND_JOB_SERVICE" />
238-->[com.onesignal:OneSignal:3.15.7] AndroidManifest.xml:89:13-69
239        <service
239-->[com.onesignal:OneSignal:3.15.7] AndroidManifest.xml:90:9-92:72
240            android:name="com.onesignal.RestoreJobService"
240-->[com.onesignal:OneSignal:3.15.7] AndroidManifest.xml:91:13-59
241            android:permission="android.permission.BIND_JOB_SERVICE" />
241-->[com.onesignal:OneSignal:3.15.7] AndroidManifest.xml:92:13-69
242        <service
242-->[com.onesignal:OneSignal:3.15.7] AndroidManifest.xml:93:9-95:72
243            android:name="com.onesignal.RestoreKickoffJobService"
243-->[com.onesignal:OneSignal:3.15.7] AndroidManifest.xml:94:13-66
244            android:permission="android.permission.BIND_JOB_SERVICE" />
244-->[com.onesignal:OneSignal:3.15.7] AndroidManifest.xml:95:13-69
245        <service
245-->[com.onesignal:OneSignal:3.15.7] AndroidManifest.xml:96:9-98:43
246            android:name="com.onesignal.SyncService"
246-->[com.onesignal:OneSignal:3.15.7] AndroidManifest.xml:97:13-53
247            android:stopWithTask="true" />
247-->[com.onesignal:OneSignal:3.15.7] AndroidManifest.xml:98:13-40
248        <service
248-->[com.onesignal:OneSignal:3.15.7] AndroidManifest.xml:99:9-101:72
249            android:name="com.onesignal.SyncJobService"
249-->[com.onesignal:OneSignal:3.15.7] AndroidManifest.xml:100:13-56
250            android:permission="android.permission.BIND_JOB_SERVICE" />
250-->[com.onesignal:OneSignal:3.15.7] AndroidManifest.xml:101:13-69
251
252        <activity
252-->[com.onesignal:OneSignal:3.15.7] AndroidManifest.xml:103:9-105:75
253            android:name="com.onesignal.PermissionsActivity"
253-->[com.onesignal:OneSignal:3.15.7] AndroidManifest.xml:104:13-61
254            android:theme="@android:style/Theme.Translucent.NoTitleBar" />
254-->[com.onesignal:OneSignal:3.15.7] AndroidManifest.xml:105:13-72
255
256        <service android:name="com.onesignal.NotificationRestoreService" />
256-->[com.onesignal:OneSignal:3.15.7] AndroidManifest.xml:107:9-76
256-->[com.onesignal:OneSignal:3.15.7] AndroidManifest.xml:107:18-73
257
258        <receiver android:name="com.onesignal.BootUpReceiver" >
258-->[com.onesignal:OneSignal:3.15.7] AndroidManifest.xml:109:9-114:20
258-->[com.onesignal:OneSignal:3.15.7] AndroidManifest.xml:109:19-62
259            <intent-filter>
259-->[com.onesignal:OneSignal:3.15.7] AndroidManifest.xml:110:13-113:29
260                <action android:name="android.intent.action.BOOT_COMPLETED" />
260-->src/main/AndroidManifest.xml:44:17-79
260-->src/main/AndroidManifest.xml:44:25-76
261                <action android:name="android.intent.action.QUICKBOOT_POWERON" />
261-->[com.onesignal:OneSignal:3.15.7] AndroidManifest.xml:112:17-82
261-->[com.onesignal:OneSignal:3.15.7] AndroidManifest.xml:112:25-79
262            </intent-filter>
263        </receiver>
264        <receiver android:name="com.onesignal.UpgradeReceiver" >
264-->[com.onesignal:OneSignal:3.15.7] AndroidManifest.xml:115:9-119:20
264-->[com.onesignal:OneSignal:3.15.7] AndroidManifest.xml:115:19-63
265            <intent-filter>
265-->[com.onesignal:OneSignal:3.15.7] AndroidManifest.xml:116:13-118:29
266                <action android:name="android.intent.action.MY_PACKAGE_REPLACED" />
266-->[com.onesignal:OneSignal:3.15.7] AndroidManifest.xml:117:17-84
266-->[com.onesignal:OneSignal:3.15.7] AndroidManifest.xml:117:25-81
267            </intent-filter>
268        </receiver>
269        <receiver
269-->[com.google.android.gms:play-services-analytics:17.0.0] AndroidManifest.xml:30:9-34:20
270            android:name="com.google.android.gms.analytics.AnalyticsReceiver"
270-->[com.google.android.gms:play-services-analytics:17.0.0] AndroidManifest.xml:31:13-78
271            android:enabled="true"
271-->[com.google.android.gms:play-services-analytics:17.0.0] AndroidManifest.xml:32:13-35
272            android:exported="false" >
272-->[com.google.android.gms:play-services-analytics:17.0.0] AndroidManifest.xml:33:13-37
273        </receiver>
274
275        <service